Inserted data for paper with arxiv_id '2306.03092v1' into the database
Inserted data for paper with arxiv_id '2306.03091v1' into the database
Inserted data for paper with arxiv_id '2306.03090v1' into the database
Inserted data for paper with arxiv_id '2306.03089v1' into the database
Inserted data for paper with arxiv_id '2306.03088v1' into the database
Inserted data for paper with arxiv_id '2306.03086v1' into the database
Inserted data for paper with arxiv_id '2306.03083v1' into the database
Inserted data for paper with arxiv_id '2306.03082v1' into the database
Inserted data for paper with arxiv_id '2306.03081v1' into the database
Inserted data for paper with arxiv_id '2306.03079v1' into the database
Inserted data for paper with arxiv_id '2306.03078v1' into the database
Inserted data for paper with arxiv_id '2306.03076v1' into the database
Inserted data for paper with arxiv_id '2306.03074v1' into the database
Inserted data for paper with arxiv_id '2306.03072v1' into the database
Inserted data for paper with arxiv_id '2306.03067v1' into the database
Inserted data for paper with arxiv_id '2306.03066v1' into the database
Inserted data for paper with arxiv_id '2306.03065v1' into the database
Inserted data for paper with arxiv_id '2306.03061v1' into the database
Inserted data for paper with arxiv_id '2306.03058v1' into the database
Inserted data for paper with arxiv_id '2306.03055v1' into the database
Inserted data for paper with arxiv_id '2306.03054v1' into the database
Inserted data for paper with arxiv_id '2306.03052v1' into the database
Inserted data for paper with arxiv_id '2306.03050v1' into the database
Inserted data for paper with arxiv_id '2306.03049v1' into the database
Inserted data for paper with arxiv_id '2306.03048v1' into the database
Inserted data for paper with arxiv_id '2306.03045v1' into the database
Inserted data for paper with arxiv_id '2306.03042v1' into the database
Inserted data for paper with arxiv_id '2306.03041v1' into the database
Inserted data for paper with arxiv_id '2306.03040v1' into the database
Inserted data for paper with arxiv_id '2306.03038v1' into the database
Inserted data for paper with arxiv_id '2306.03034v1' into the database
Inserted data for paper with arxiv_id '2306.03032v1' into the database
Inserted data for paper with arxiv_id '2306.03030v1' into the database
Inserted data for paper with arxiv_id '2306.03027v1' into the database
Inserted data for paper with arxiv_id '2306.03025v1' into the database
Inserted data for paper with arxiv_id '2306.03024v1' into the database
Inserted data for paper with arxiv_id '2306.03022v1' into the database
Inserted data for paper with arxiv_id '2306.03021v1' into the database
Inserted data for paper with arxiv_id '2306.03018v1' into the database
Inserted data for paper with arxiv_id '2306.03016v1' into the database
Inserted data for paper with arxiv_id '2306.03014v1' into the database
Inserted data for paper with arxiv_id '2306.03013v1' into the database
Inserted data for paper with arxiv_id '2306.03010v1' into the database
Inserted data for paper with arxiv_id '2306.03009v1' into the database
Inserted data for paper with arxiv_id '2306.03007v1' into the database
Inserted data for paper with arxiv_id '2306.03002v1' into the database
Inserted data for paper with arxiv_id '2306.03001v1' into the database
Inserted data for paper with arxiv_id '2306.03000v1' into the database
Inserted data for paper with arxiv_id '2306.02996v1' into the database
Inserted data for paper with arxiv_id '2306.02994v1' into the database
Inserted data for paper with arxiv_id '2306.02990v1' into the database
Inserted data for paper with arxiv_id '2306.02987v1' into the database
Inserted data for paper with arxiv_id '2306.02986v1' into the database
Inserted data for paper with arxiv_id '2306.02985v1' into the database
Inserted data for paper with arxiv_id '2306.02984v1' into the database
Inserted data for paper with arxiv_id '2306.02983v1' into the database
Inserted data for paper with arxiv_id '2306.02982v1' into the database
Inserted data for paper with arxiv_id '2306.02980v1' into the database
Inserted data for paper with arxiv_id '2306.02979v1' into the database
Inserted data for paper with arxiv_id '2306.02978v1' into the database
Inserted data for paper with arxiv_id '2306.02972v1' into the database
Inserted data for paper with arxiv_id '2306.02971v1' into the database
Inserted data for paper with arxiv_id '2306.02968v1' into the database
Inserted data for paper with arxiv_id '2306.02967v1' into the database
Inserted data for paper with arxiv_id '2306.02964v1' into the database
Inserted data for paper with arxiv_id '2306.02960v1' into the database
Inserted data for paper with arxiv_id '2306.02959v1' into the database
Inserted data for paper with arxiv_id '2306.02957v1' into the database
Inserted data for paper with arxiv_id '2306.02956v1' into the database
Inserted data for paper with arxiv_id '2306.02955v1' into the database
Inserted data for paper with arxiv_id '2306.02954v1' into the database
Inserted data for paper with arxiv_id '2306.02949v1' into the database
Inserted data for paper with arxiv_id '2306.02948v1' into the database
Inserted data for paper with arxiv_id '2306.02947v1' into the database
Inserted data for paper with arxiv_id '2306.02944v1' into the database
Inserted data for paper with arxiv_id '2306.02939v1' into the database
Inserted data for paper with arxiv_id '2306.02934v1' into the database
Inserted data for paper with arxiv_id '2306.02931v1' into the database
Inserted data for paper with arxiv_id '2306.02930v1' into the database
Inserted data for paper with arxiv_id '2306.02928v1' into the database
Inserted data for paper with arxiv_id '2306.02925v1' into the database
Inserted data for paper with arxiv_id '2306.02923v1' into the database
Inserted data for paper with arxiv_id '2306.02921v1' into the database
Inserted data for paper with arxiv_id '2306.02920v1' into the database
Inserted data for paper with arxiv_id '2306.02918v1' into the database
Inserted data for paper with arxiv_id '2306.02914v1' into the database
Inserted data for paper with arxiv_id '2306.02913v1' into the database
Inserted data for paper with arxiv_id '2306.02912v1' into the database
Inserted data for paper with arxiv_id '2306.02911v1' into the database
Inserted data for paper with arxiv_id '2306.02910v1' into the database
Inserted data for paper with arxiv_id '2306.02907v1' into the database
Inserted data for paper with arxiv_id '2306.02903v1' into the database
Inserted data for paper with arxiv_id '2306.02902v1' into the database
Inserted data for paper with arxiv_id '2306.02901v1' into the database
Inserted data for paper with arxiv_id '2306.02900v1' into the database
Inserted data for paper with arxiv_id '2306.02899v1' into the database
Inserted data for paper with arxiv_id '2306.02898v1' into the database
Inserted data for paper with arxiv_id '2306.02896v1' into the database
Inserted data for paper with arxiv_id '2306.02895v1' into the database
Inserted data for paper with arxiv_id '2306.02890v1' into the database
WARNING:  database "postgres" has a collation version mismatch
DETAIL:  The database was created using collation version 2.31, but the operating system provides version 2.35.
HINT:  Rebuild all objects in this database that use the default collation and run ALTER DATABASE postgres REFRESH COLLATION VERSION, or build PostgreSQL with the right library version.
Inserted data for paper with arxiv_id '2307.06335v1' into the database
Inserted data for paper with arxiv_id '2307.06334v1' into the database
Inserted data for paper with arxiv_id '2307.06333v1' into the database
Inserted data for paper with arxiv_id '2307.06328v1' into the database
Inserted data for paper with arxiv_id '2307.06324v1' into the database
Inserted data for paper with arxiv_id '2307.06323v1' into the database
Inserted data for paper with arxiv_id '2307.06322v1' into the database
Inserted data for paper with arxiv_id '2307.06318v1' into the database
Inserted data for paper with arxiv_id '2307.06312v1' into the database
Inserted data for paper with arxiv_id '2307.06307v1' into the database
Inserted data for paper with arxiv_id '2307.06306v1' into the database
Inserted data for paper with arxiv_id '2307.06305v1' into the database
Inserted data for paper with arxiv_id '2307.06304v1' into the database
Inserted data for paper with arxiv_id '2307.06300v1' into the database
Inserted data for paper with arxiv_id '2307.06299v1' into the database
Inserted data for paper with arxiv_id '2307.06298v1' into the database
Inserted data for paper with arxiv_id '2307.06294v1' into the database
Inserted data for paper with arxiv_id '2307.06292v1' into the database
Inserted data for paper with arxiv_id '2307.06290v1' into the database
Inserted data for paper with arxiv_id '2307.06287v1' into the database
Inserted data for paper with arxiv_id '2307.06285v1' into the database
Inserted data for paper with arxiv_id '2307.06283v1' into the database
Inserted data for paper with arxiv_id '2307.06281v1' into the database
Inserted data for paper with arxiv_id '2307.06277v1' into the database
Inserted data for paper with arxiv_id '2307.06276v1' into the database
Inserted data for paper with arxiv_id '2307.06275v1' into the database
Inserted data for paper with arxiv_id '2307.06272v1' into the database
Inserted data for paper with arxiv_id '2307.06270v1' into the database
Inserted data for paper with arxiv_id '2307.06267v1' into the database
Inserted data for paper with arxiv_id '2307.06266v1' into the database
Inserted data for paper with arxiv_id '2307.06265v1' into the database
Inserted data for paper with arxiv_id '2307.06263v1' into the database
Inserted data for paper with arxiv_id '2307.06262v1' into the database
Inserted data for paper with arxiv_id '2307.06261v1' into the database
Inserted data for paper with arxiv_id '2307.06260v1' into the database
Inserted data for paper with arxiv_id '2307.06258v1' into the database
Inserted data for paper with arxiv_id '2307.06255v1' into the database
Inserted data for paper with arxiv_id '2307.06250v1' into the database
Inserted data for paper with arxiv_id '2307.06244v1' into the database
Inserted data for paper with arxiv_id '2307.06243v1' into the database
Inserted data for paper with arxiv_id '2307.06241v1' into the database
Inserted data for paper with arxiv_id '2307.06240v1' into the database
Inserted data for paper with arxiv_id '2307.06235v1' into the database
Inserted data for paper with arxiv_id '2307.06233v1' into the database
Inserted data for paper with arxiv_id '2307.06221v1' into the database
Inserted data for paper with arxiv_id '2307.06218v1' into the database
Inserted data for paper with arxiv_id '2307.06214v1' into the database
Inserted data for paper with arxiv_id '2307.06213v1' into the database
Inserted data for paper with arxiv_id '2307.06212v1' into the database
Inserted data for paper with arxiv_id '2307.06210v1' into the database
WARNING:  database "postgres" has a collation version mismatch
DETAIL:  The database was created using collation version 2.31, but the operating system provides version 2.35.
HINT:  Rebuild all objects in this database that use the default collation and run ALTER DATABASE postgres REFRESH COLLATION VERSION, or build PostgreSQL with the right library version.
Inserted data for paper with arxiv_id '2307.06949v1' into the database
Inserted data for paper with arxiv_id '2307.06948v1' into the database
Inserted data for paper with arxiv_id '2307.06947v1' into the database
Inserted data for paper with arxiv_id '2307.06945v1' into the database
Inserted data for paper with arxiv_id '2307.06942v1' into the database
Inserted data for paper with arxiv_id '2307.06941v1' into the database
Inserted data for paper with arxiv_id '2307.06940v1' into the database
Inserted data for paper with arxiv_id '2307.06833v1' into the database
Inserted data for paper with arxiv_id '2307.06932v1' into the database
Inserted data for paper with arxiv_id '2307.06930v1' into the database
Inserted data for paper with arxiv_id '2307.06928v1' into the database
Inserted data for paper with arxiv_id '2307.06925v1' into the database
Inserted data for paper with arxiv_id '2307.06924v1' into the database
Inserted data for paper with arxiv_id '2307.06922v1' into the database
Inserted data for paper with arxiv_id '2307.06921v1' into the database
Inserted data for paper with arxiv_id '2307.06919v1' into the database
Inserted data for paper with arxiv_id '2307.06917v1' into the database
Inserted data for paper with arxiv_id '2307.06915v1' into the database
Inserted data for paper with arxiv_id '2307.06913v1' into the database
Inserted data for paper with arxiv_id '2307.06912v1' into the database
Inserted data for paper with arxiv_id '2307.06908v1' into the database
Inserted data for paper with arxiv_id '2307.06905v1' into the database
Inserted data for paper with arxiv_id '2307.06898v1' into the database
Inserted data for paper with arxiv_id '2307.06897v1' into the database
Inserted data for paper with arxiv_id '2307.06894v1' into the database
Inserted data for paper with arxiv_id '2307.06893v1' into the database
Inserted data for paper with arxiv_id '2307.06889v1' into the database
Inserted data for paper with arxiv_id '2307.06887v1' into the database
Inserted data for paper with arxiv_id '2307.06886v1' into the database
Inserted data for paper with arxiv_id '2307.06877v1' into the database
Inserted data for paper with arxiv_id '2307.06872v1' into the database
Inserted data for paper with arxiv_id '2307.06871v1' into the database
Inserted data for paper with arxiv_id '2307.06870v1' into the database
Inserted data for paper with arxiv_id '2307.06869v1' into the database
Inserted data for paper with arxiv_id '2307.06865v1' into the database
Inserted data for paper with arxiv_id '2307.06853v1' into the database
Inserted data for paper with arxiv_id '2307.06845v1' into the database
Inserted data for paper with arxiv_id '2307.06838v1' into the database
Inserted data for paper with arxiv_id '2307.06836v1' into the database
Inserted data for paper with arxiv_id '2307.06835v1' into the database
Inserted data for paper with arxiv_id '2307.06832v1' into the database
Inserted data for paper with arxiv_id '2307.06831v1' into the database
Inserted data for paper with arxiv_id '2307.06825v1' into the database
Inserted data for paper with arxiv_id '2307.06822v1' into the database
Inserted data for paper with arxiv_id '2307.06820v1' into the database
Inserted data for paper with arxiv_id '2307.06810v1' into the database
Inserted data for paper with arxiv_id '2307.06802v1' into the database
Inserted data for paper with arxiv_id '2307.06797v1' into the database
Inserted data for paper with arxiv_id '2307.06796v1' into the database
Inserted data for paper with arxiv_id '2307.06795v1' into the database
Inserted data for paper with arxiv_id '2307.06794v1' into the database
Inserted data for paper with arxiv_id '2307.06792v1' into the database
Inserted data for paper with arxiv_id '2307.06789v1' into the database
Inserted data for paper with arxiv_id '2307.06787v1' into the database
Inserted data for paper with arxiv_id '2307.06784v1' into the database
Inserted data for paper with arxiv_id '2307.06779v1' into the database
Inserted data for paper with arxiv_id '2307.06777v1' into the database
Inserted data for paper with arxiv_id '2307.06776v1' into the database
Inserted data for paper with arxiv_id '2307.06772v1' into the database
Inserted data for paper with arxiv_id '2307.06771v1' into the database
Inserted data for paper with arxiv_id '2307.06767v1' into the database
Inserted data for paper with arxiv_id '2307.06763v1' into the database
Inserted data for paper with arxiv_id '2307.06760v1' into the database
Inserted data for paper with arxiv_id '2307.06758v1' into the database
Inserted data for paper with arxiv_id '2307.06756v1' into the database
Inserted data for paper with arxiv_id '2307.06753v1' into the database
Inserted data for paper with arxiv_id '2307.06752v1' into the database
Inserted data for paper with arxiv_id '2307.06751v1' into the database
Inserted data for paper with arxiv_id '2307.06743v1' into the database
Inserted data for paper with arxiv_id '2307.06742v1' into the database
Inserted data for paper with arxiv_id '2307.06738v1' into the database
Inserted data for paper with arxiv_id '2307.06737v1' into the database
Inserted data for paper with arxiv_id '2307.06736v1' into the database
Inserted data for paper with arxiv_id '2307.06732v1' into the database
Inserted data for paper with arxiv_id '2307.06728v1' into the database
Inserted data for paper with arxiv_id '2307.06726v1' into the database
Inserted data for paper with arxiv_id '2307.06724v1' into the database
Inserted data for paper with arxiv_id '2307.06723v1' into the database
Inserted data for paper with arxiv_id '2307.06721v1' into the database
Inserted data for paper with arxiv_id '2307.06720v1' into the database
Inserted data for paper with arxiv_id '2307.06716v1' into the database
Inserted data for paper with arxiv_id '2307.06714v1' into the database
Inserted data for paper with arxiv_id '2307.06713v1' into the database
Inserted data for paper with arxiv_id '2307.06709v1' into the database
Inserted data for paper with arxiv_id '2307.06708v1' into the database
Inserted data for paper with arxiv_id '2307.06706v1' into the database
Inserted data for paper with arxiv_id '2307.06703v1' into the database
Inserted data for paper with arxiv_id '2307.06701v1' into the database
Inserted data for paper with arxiv_id '2307.06700v1' into the database
Inserted data for paper with arxiv_id '2307.06699v1' into the database
Inserted data for paper with arxiv_id '2307.06698v1' into the database
Inserted data for paper with arxiv_id '2307.06695v1' into the database
Inserted data for paper with arxiv_id '2307.06693v1' into the database
Inserted data for paper with arxiv_id '2307.06691v1' into the database
Inserted data for paper with arxiv_id '2307.06689v1' into the database
Inserted data for paper with arxiv_id '2307.06688v1' into the database
Inserted data for paper with arxiv_id '2307.06687v1' into the database
Inserted data for paper with arxiv_id '2307.06682v1' into the database
Inserted data for paper with arxiv_id '2307.06680v1' into the database
Inserted data for paper with arxiv_id '2307.06675v1' into the database
Inserted data for paper with arxiv_id '2307.06673v1' into the database
Inserted data for paper with arxiv_id '2307.06669v1' into the database
Inserted data for paper with arxiv_id '2307.06667v1' into the database
Inserted data for paper with arxiv_id '2307.06666v1' into the database
Inserted data for paper with arxiv_id '2307.06659v1' into the database
Inserted data for paper with arxiv_id '2307.06658v1' into the database
Inserted data for paper with arxiv_id '2307.06657v1' into the database
Inserted data for paper with arxiv_id '2307.06656v1' into the database
Inserted data for paper with arxiv_id '2307.06654v1' into the database
Inserted data for paper with arxiv_id '2307.06648v1' into the database
Inserted data for paper with arxiv_id '2307.06647v1' into the database
Inserted data for paper with arxiv_id '2307.06645v1' into the database
Inserted data for paper with arxiv_id '2307.06644v1' into the database
Inserted data for paper with arxiv_id '2307.06643v1' into the database
Inserted data for paper with arxiv_id '2307.06640v1' into the database
Inserted data for paper with arxiv_id '2307.06636v1' into the database
Inserted data for paper with arxiv_id '2307.06635v1' into the database
Inserted data for paper with arxiv_id '2307.06633v1' into the database
Inserted data for paper with arxiv_id '2307.06632v1' into the database
Inserted data for paper with arxiv_id '2307.06631v1' into the database
Inserted data for paper with arxiv_id '2307.06630v1' into the database
Inserted data for paper with arxiv_id '2307.06629v1' into the database
Inserted data for paper with arxiv_id '2307.06627v1' into the database
Inserted data for paper with arxiv_id '2307.06625v1' into the database
Inserted data for paper with arxiv_id '2307.06622v1' into the database
Inserted data for paper with arxiv_id '2307.06621v1' into the database
Inserted data for paper with arxiv_id '2307.06620v1' into the database
Inserted data for paper with arxiv_id '2307.06618v1' into the database
Inserted data for paper with arxiv_id '2307.06616v1' into the database
Inserted data for paper with arxiv_id '2307.06615v1' into the database
Inserted data for paper with arxiv_id '2307.06614v1' into the database
Inserted data for paper with arxiv_id '2307.06611v1' into the database
Inserted data for paper with arxiv_id '2307.06608v1' into the database
Inserted data for paper with arxiv_id '2307.06607v1' into the database
Inserted data for paper with arxiv_id '2307.06605v1' into the database
Inserted data for paper with arxiv_id '2307.06599v1' into the database
Inserted data for paper with arxiv_id '2307.06595v1' into the database
Inserted data for paper with arxiv_id '2307.06590v1' into the database
Inserted data for paper with arxiv_id '2307.06581v1' into the database
Inserted data for paper with arxiv_id '2307.06579v1' into the database
Inserted data for paper with arxiv_id '2307.06577v1' into the database
Inserted data for paper with arxiv_id '2307.06576v1' into the database
Inserted data for paper with arxiv_id '2307.06575v1' into the database
Inserted data for paper with arxiv_id '2307.06571v1' into the database
Inserted data for paper with arxiv_id '2307.06569v1' into the database
Inserted data for paper with arxiv_id '2307.06566v1' into the database
Inserted data for paper with arxiv_id '2307.06565v1' into the database
Inserted data for paper with arxiv_id '2307.06564v1' into the database
Inserted data for paper with arxiv_id '2307.06563v1' into the database
Inserted data for paper with arxiv_id '2307.06562v1' into the database
Inserted data for paper with arxiv_id '2307.06561v1' into the database
Inserted data for paper with arxiv_id '2307.06556v1' into the database
Inserted data for paper with arxiv_id '2307.06555v1' into the database
Inserted data for paper with arxiv_id '2307.06554v1' into the database
Inserted data for paper with arxiv_id '2307.06553v1' into the database
Inserted data for paper with arxiv_id '2307.06551v1' into the database
Inserted data for paper with arxiv_id '2307.06548v1' into the database
Inserted data for paper with arxiv_id '2307.06547v1' into the database
Inserted data for paper with arxiv_id '2307.06542v1' into the database
Inserted data for paper with arxiv_id '2307.06541v1' into the database
Inserted data for paper with arxiv_id '2307.06540v1' into the database
Inserted data for paper with arxiv_id '2307.06538v1' into the database
Inserted data for paper with arxiv_id '2307.06535v1' into the database
Inserted data for paper with arxiv_id '2307.06534v1' into the database
Inserted data for paper with arxiv_id '2307.06533v1' into the database
Inserted data for paper with arxiv_id '2307.06530v1' into the database
Inserted data for paper with arxiv_id '2307.06529v1' into the database
Inserted data for paper with arxiv_id '2307.06528v1' into the database
Inserted data for paper with arxiv_id '2307.06527v1' into the database
Inserted data for paper with arxiv_id '2307.06526v1' into the database
Inserted data for paper with arxiv_id '2307.06524v1' into the database
Inserted data for paper with arxiv_id '2307.06521v1' into the database
Inserted data for paper with arxiv_id '2307.06520v1' into the database
Inserted data for paper with arxiv_id '2307.06518v1' into the database
Inserted data for paper with arxiv_id '2307.06513v1' into the database
Inserted data for paper with arxiv_id '2307.06510v1' into the database
Inserted data for paper with arxiv_id '2307.06507v1' into the database
Inserted data for paper with arxiv_id '2307.06506v1' into the database
Inserted data for paper with arxiv_id '2307.06505v1' into the database
Inserted data for paper with arxiv_id '2307.06501v1' into the database
Inserted data for paper with arxiv_id '2307.06500v1' into the database
Inserted data for paper with arxiv_id '2307.06496v1' into the database
Inserted data for paper with arxiv_id '2307.06492v1' into the database
Inserted data for paper with arxiv_id '2307.06488v1' into the database
Inserted data for paper with arxiv_id '2307.06484v1' into the database
Inserted data for paper with arxiv_id '2307.06483v1' into the database
Inserted data for paper with arxiv_id '2307.06479v1' into the database
Inserted data for paper with arxiv_id '2307.06476v1' into the database
Inserted data for paper with arxiv_id '2307.06472v1' into the database
Inserted data for paper with arxiv_id '2307.06471v1' into the database
Inserted data for paper with arxiv_id '2307.06465v1' into the database
Inserted data for paper with arxiv_id '2307.06464v1' into the database
Inserted data for paper with arxiv_id '2307.06463v1' into the database
Inserted data for paper with arxiv_id '2307.06458v1' into the database
Inserted data for paper with arxiv_id '2307.06457v1' into the database
Inserted data for paper with arxiv_id '2307.06456v1' into the database
Inserted data for paper with arxiv_id '2307.06454v1' into the database
Inserted data for paper with arxiv_id '2307.06450v1' into the database
Inserted data for paper with arxiv_id '2307.06448v1' into the database
Inserted data for paper with arxiv_id '2307.06443v1' into the database
WARNING:  database "postgres" has a collation version mismatch
DETAIL:  The database was created using collation version 2.31, but the operating system provides version 2.35.
HINT:  Rebuild all objects in this database that use the default collation and run ALTER DATABASE postgres REFRESH COLLATION VERSION, or build PostgreSQL with the right library version.
Traceback (most recent call last):
  File "/home/rujeet/UTA_Fall2022/Spring/arxivDashboard/base.py", line 84, in <module>
    cursor.execute(select_paper_query, (arxiv_id,))
psycopg2.errors.AdminShutdown: terminating connection due to administrator command
SSL connection has been closed unexpectedly

